\BOOKMARK [0][-]{section*.2}{\376\377\000S\000t\000u\000d\000y\000\040\000o\000f\000\040\000n\000o\000n\000-\000l\000i\000n\000e\000a\000r\000\040\000o\000p\000t\000i\000c\000a\000l\000\040\000p\000r\000o\000p\000e\000r\000t\000i\000e\000s\000\040\000u\000s\000i\000n\000g\000\040\000t\000h\000e\000\040\000Z\000-\000s\000c\000a\000n\000\040\000t\000e\000c\000h\000n\000i\000q\000u\000e}{}% 2
\BOOKMARK [1][-]{section*.1}{\376\377\000A\000b\000s\000t\000r\000a\000c\000t}{section*.2}% 1
\BOOKMARK [1][-]{section*.3}{\376\377\000I\000n\000t\000r\000o\000d\000u\000c\000t\000i\000o\000n}{section*.2}% 3
\BOOKMARK [1][-]{section*.4}{\376\377\000O\000b\000j\000e\000c\000t\000i\000v\000e\000s}{section*.2}% 4
\BOOKMARK [1][-]{section*.5}{\376\377\000T\000h\000e\000o\000r\000y}{section*.2}% 5
\BOOKMARK [2][-]{section*.6}{\376\377\000T\000h\000e\000\040\000K\000e\000r\000r\000\040\000e\000f\000f\000e\000c\000t}{section*.5}% 6
\BOOKMARK [1][-]{section*.7}{\376\377\000T\000h\000e\000\040\000S\000e\000l\000f\000-\000f\000o\000c\000u\000s\000i\000n\000g\000\040\000a\000n\000d\000\040\000s\000e\000l\000f\000-\000d\000e\000f\000o\000c\000u\000s\000i\000n\000g\000\040\000p\000h\000e\000n\000o\000m\000e\000n\000a}{section*.2}% 7
\BOOKMARK [2][-]{section*.8}{\376\377\000W\000i\000d\000e\000\040\000t\000e\000x\000t\000\040\000\050\000A\000\040\000l\000e\000v\000e\000l\000-\0003\000\040\000h\000e\000a\000d\000\051}{section*.7}% 8
\BOOKMARK [2][-]{section*.9}{\376\377\000C\000i\000t\000a\000t\000i\000o\000n\000s\000\040\000a\000n\000d\000\040\000R\000e\000f\000e\000r\000e\000n\000c\000e\000s}{section*.7}% 9
\BOOKMARK [3][-]{section*.10}{\376\377\000C\000i\000t\000a\000t\000i\000o\000n\000s}{section*.9}% 10
\BOOKMARK [3][-]{section*.11}{\376\377\000E\000x\000a\000m\000p\000l\000e\000\040\000c\000i\000t\000a\000t\000i\000o\000n\000s}{section*.9}% 11
\BOOKMARK [3][-]{section*.12}{\376\377\000R\000e\000f\000e\000r\000e\000n\000c\000e\000s}{section*.9}% 12
\BOOKMARK [3][-]{section*.13}{\376\377\000E\000x\000a\000m\000p\000l\000e\000\040\000r\000e\000f\000e\000r\000e\000n\000c\000e\000s}{section*.9}% 13
\BOOKMARK [2][-]{section*.14}{\376\377\000F\000o\000o\000t\000n\000o\000t\000e\000s}{section*.7}% 14
\BOOKMARK [3][-]{section*.15}{\376\377\000W\000i\000d\000e\000\040\000e\000q\000u\000a\000t\000i\000o\000n\000s}{section*.14}% 15
\BOOKMARK [2][-]{section*.16}{\376\377\000A\000\040\000s\000u\000b\000s\000e\000c\000t\000i\000o\000n\000\040\000i\000n\000\040\000a\000n\000\040\000a\000p\000p\000e\000n\000d\000i\000x}{section*.7}% 16
\BOOKMARK [1][-]{section*.17}{\376\377\000E\000x\000p\000e\000r\000i\000m\000e\000n\000t\000a\000l\000\040\000S\000e\000t\000-\000u\000p}{section*.2}% 17
\BOOKMARK [1][-]{section*.18}{\376\377\000E\000x\000p\000e\000r\000i\000m\000e\000n\000t\000s}{section*.2}% 18
\BOOKMARK [2][-]{section*.19}{\376\377\000R\000i\000t\000w\000i\000c\000k}{section*.18}% 19
\BOOKMARK [3][-]{section*.20}{\376\377\000O\000b\000s\000e\000r\000v\000a\000t\000i\000o\000n\000s\000\040\000a\000n\000d\000\040\000R\000e\000s\000u\000l\000t\000s}{section*.19}% 20
\BOOKMARK [2][-]{section*.21}{\376\377\000S\000C\000S}{section*.18}% 21
\BOOKMARK [3][-]{section*.22}{\376\377\000O\000b\000s\000e\000r\000v\000a\000t\000i\000o\000n\000s\000\040\000a\000n\000d\000\040\000R\000e\000s\000u\000l\000t\000s}{section*.21}% 22
\BOOKMARK [2][-]{section*.23}{\376\377\000N\000a\000n\000o\000e\000l\000e\000c\000t\000r\000o\000n\000i\000c\000s\000\040\000L\000a\000b}{section*.18}% 23
\BOOKMARK [3][-]{section*.24}{\376\377\000O\000b\000s\000e\000r\000v\000a\000t\000i\000o\000n\000s\000\040\000a\000n\000d\000\040\000R\000e\000s\000u\000l\000t\000s}{section*.23}% 24
\BOOKMARK [1][-]{section*.25}{\376\377\000D\000i\000s\000c\000u\000s\000s\000i\000o\000n\000s}{section*.2}% 25
\BOOKMARK [1][-]{section*.26}{\376\377\000C\000o\000n\000c\000l\000u\000s\000i\000o\000n\000s}{section*.2}% 26
\BOOKMARK [1][-]{section*.27}{\376\377\000T\000i\000t\000l\000e}{section*.2}% 27
\BOOKMARK [1][-]{section*.28}{\376\377\000T\000i\000t\000l\000e\000\040\0002}{section*.2}% 28
\BOOKMARK [1][-]{section*.29}{\376\377\000R\000e\000f\000e\000r\000e\000n\000c\000e\000s}{section*.2}% 29
